[2025-06-15T08:32:22.452+0000] {local_task_job_runner.py:120} INFO - ::group::Pre task execution logs
[2025-06-15T08:32:22.484+0000] {taskinstance.py:2076} INFO - Dependencies all met for dep_context=non-requeueable deps ti=<TaskInstance: globalsuperstore.load.transform_fact_sales manual__2025-06-15T08:31:35.114045+00:00 [queued]>
[2025-06-15T08:32:22.496+0000] {taskinstance.py:2076} INFO - Dependencies all met for dep_context=requeueable deps ti=<TaskInstance: globalsuperstore.load.transform_fact_sales manual__2025-06-15T08:31:35.114045+00:00 [queued]>
[2025-06-15T08:32:22.497+0000] {taskinstance.py:2306} INFO - Starting attempt 1 of 1
[2025-06-15T08:32:22.512+0000] {taskinstance.py:2330} INFO - Executing <Task(PythonOperator): load.transform_fact_sales> on 2025-06-15 08:31:35.114045+00:00
[2025-06-15T08:32:22.518+0000] {standard_task_runner.py:63} INFO - Started process 848 to run task
[2025-06-15T08:32:22.521+0000] {standard_task_runner.py:90} INFO - Running: ['***', 'tasks', 'run', 'globalsuperstore', 'load.transform_fact_sales', 'manual__2025-06-15T08:31:35.114045+00:00', '--job-id', '94', '--raw', '--subdir', 'DAGS_FOLDER/global_superstore_dw_etl.py', '--cfg-path', '/tmp/tmpvc8jbfs_']
[2025-06-15T08:32:22.522+0000] {standard_task_runner.py:91} INFO - Job 94: Subtask load.transform_fact_sales
[2025-06-15T08:32:22.565+0000] {task_command.py:426} INFO - Running <TaskInstance: globalsuperstore.load.transform_fact_sales manual__2025-06-15T08:31:35.114045+00:00 [running]> on host f3cca4675eb8
[2025-06-15T08:32:22.642+0000] {taskinstance.py:2648} INFO - Exporting env vars: AIRFLOW_CTX_DAG_OWNER='***' AIRFLOW_CTX_DAG_ID='globalsuperstore' AIRFLOW_CTX_TASK_ID='load.transform_fact_sales' AIRFLOW_CTX_EXECUTION_DATE='2025-06-15T08:31:35.114045+00:00' AIRFLOW_CTX_TRY_NUMBER='1' AIRFLOW_CTX_DAG_RUN_ID='manual__2025-06-15T08:31:35.114045+00:00'
[2025-06-15T08:32:22.643+0000] {taskinstance.py:430} INFO - ::endgroup::
[2025-06-15T08:32:22.661+0000] {base.py:84} INFO - Using connection ID 'postgres' for task execution.
[2025-06-15T08:32:22.668+0000] {base.py:84} INFO - Using connection ID 'postgres' for task execution.
[2025-06-15T08:32:22.675+0000] {base.py:84} INFO - Using connection ID 'postgres' for task execution.
[2025-06-15T08:32:22.687+0000] {logging_mixin.py:188} WARNING - /home/***/.local/lib/python3.10/site-packages/***/providers/common/sql/hooks/sql.py:263 UserWarning: pandas only supports SQLAlchemy connectable (engine/connection) or database string URI or sqlite3 DBAPI2 connection. Other DBAPI2 objects are not tested. Please consider using SQLAlchemy.
[2025-06-15T08:32:22.776+0000] {taskinstance.py:441} INFO - ::group::Post task execution logs
[2025-06-15T08:32:22.776+0000] {taskinstance.py:2905} ERROR - Task failed with exception
Traceback (most recent call last):
  File "/home/airflow/.local/lib/python3.10/site-packages/pandas/core/indexes/base.py", line 3802, in get_loc
    return self._engine.get_loc(casted_key)
  File "pandas/_libs/index.pyx", line 138, in pandas._libs.index.IndexEngine.get_loc
  File "pandas/_libs/index.pyx", line 165, in pandas._libs.index.IndexEngine.get_loc
  File "pandas/_libs/hashtable_class_helper.pxi", line 5745, in pandas._libs.hashtable.PyObjectHashTable.get_item
  File "pandas/_libs/hashtable_class_helper.pxi", line 5753, in pandas._libs.hashtable.PyObjectHashTable.get_item
KeyError: 'Order_Date'

The above exception was the direct cause of the following exception:

Traceback (most recent call last):
  File "/home/airflow/.local/lib/python3.10/site-packages/airflow/models/taskinstance.py", line 465, in _execute_task
    result = _execute_callable(context=context, **execute_callable_kwargs)
  File "/home/airflow/.local/lib/python3.10/site-packages/airflow/models/taskinstance.py", line 432, in _execute_callable
    return execute_callable(context=context, **execute_callable_kwargs)
  File "/home/airflow/.local/lib/python3.10/site-packages/airflow/models/baseoperator.py", line 401, in wrapper
    return func(self, *args, **kwargs)
  File "/home/airflow/.local/lib/python3.10/site-packages/airflow/operators/python.py", line 235, in execute
    return_value = self.execute_callable()
  File "/home/airflow/.local/lib/python3.10/site-packages/airflow/operators/python.py", line 252, in execute_callable
    return self.python_callable(*self.op_args, **self.op_kwargs)
  File "/opt/airflow/dags/transform_fact_sales.py", line 12, in transform_fact_sales
    df_order['Order_Date'] = pd.to_datetime(df_order['Order_Date'])
  File "/home/airflow/.local/lib/python3.10/site-packages/pandas/core/frame.py", line 3807, in __getitem__
    indexer = self.columns.get_loc(key)
  File "/home/airflow/.local/lib/python3.10/site-packages/pandas/core/indexes/base.py", line 3804, in get_loc
    raise KeyError(key) from err
KeyError: 'Order_Date'
[2025-06-15T08:32:22.798+0000] {taskinstance.py:1206} INFO - Marking task as FAILED. dag_id=globalsuperstore, task_id=load.transform_fact_sales, run_id=manual__2025-06-15T08:31:35.114045+00:00, execution_date=20250615T083135, start_date=20250615T083222, end_date=20250615T083222
[2025-06-15T08:32:22.809+0000] {standard_task_runner.py:110} ERROR - Failed to execute job 94 for task load.transform_fact_sales ('Order_Date'; 848)
[2025-06-15T08:32:22.853+0000] {local_task_job_runner.py:240} INFO - Task exited with return code 1
[2025-06-15T08:32:22.873+0000] {taskinstance.py:3503} INFO - 0 downstream tasks scheduled from follow-on schedule check
[2025-06-15T08:32:22.875+0000] {local_task_job_runner.py:222} INFO - ::endgroup::
