[2025-06-14T15:34:34.766+0000] {local_task_job_runner.py:120} INFO - ::group::Pre task execution logs
[2025-06-14T15:34:34.826+0000] {taskinstance.py:2076} INFO - Dependencies all met for dep_context=non-requeueable deps ti=<TaskInstance: globalsuperstore.transform.transform_dim_locations manual__2025-06-14T15:33:51.573126+00:00 [queued]>
[2025-06-14T15:34:34.834+0000] {taskinstance.py:2076} INFO - Dependencies all met for dep_context=requeueable deps ti=<TaskInstance: globalsuperstore.transform.transform_dim_locations manual__2025-06-14T15:33:51.573126+00:00 [queued]>
[2025-06-14T15:34:34.835+0000] {taskinstance.py:2306} INFO - Starting attempt 1 of 1
[2025-06-14T15:34:34.848+0000] {taskinstance.py:2330} INFO - Executing <Task(PythonOperator): transform.transform_dim_locations> on 2025-06-14 15:33:51.573126+00:00
[2025-06-14T15:34:34.855+0000] {standard_task_runner.py:63} INFO - Started process 2162 to run task
[2025-06-14T15:34:34.858+0000] {standard_task_runner.py:90} INFO - Running: ['***', 'tasks', 'run', 'globalsuperstore', 'transform.transform_dim_locations', 'manual__2025-06-14T15:33:51.573126+00:00', '--job-id', '53', '--raw', '--subdir', 'DAGS_FOLDER/global_superstore_dw_etl.py', '--cfg-path', '/tmp/tmp9o5_p0_7']
[2025-06-14T15:34:34.860+0000] {standard_task_runner.py:91} INFO - Job 53: Subtask transform.transform_dim_locations
[2025-06-14T15:34:34.899+0000] {task_command.py:426} INFO - Running <TaskInstance: globalsuperstore.transform.transform_dim_locations manual__2025-06-14T15:33:51.573126+00:00 [running]> on host f3cca4675eb8
[2025-06-14T15:34:34.975+0000] {taskinstance.py:2648} INFO - Exporting env vars: AIRFLOW_CTX_DAG_OWNER='***' AIRFLOW_CTX_DAG_ID='globalsuperstore' AIRFLOW_CTX_TASK_ID='transform.transform_dim_locations' AIRFLOW_CTX_EXECUTION_DATE='2025-06-14T15:33:51.573126+00:00' AIRFLOW_CTX_TRY_NUMBER='1' AIRFLOW_CTX_DAG_RUN_ID='manual__2025-06-14T15:33:51.573126+00:00'
[2025-06-14T15:34:34.976+0000] {taskinstance.py:430} INFO - ::endgroup::
[2025-06-14T15:34:34.993+0000] {base.py:84} INFO - Using connection ID 'postgres' for task execution.
[2025-06-14T15:34:35.000+0000] {base.py:84} INFO - Using connection ID 'postgres' for task execution.
[2025-06-14T15:34:35.005+0000] {base.py:84} INFO - Using connection ID 'postgres' for task execution.
[2025-06-14T15:34:35.044+0000] {logging_mixin.py:188} WARNING - /home/***/.local/lib/python3.10/site-packages/***/providers/common/sql/hooks/sql.py:263 UserWarning: pandas only supports SQLAlchemy connectable (engine/connection) or database string URI or sqlite3 DBAPI2 connection. Other DBAPI2 objects are not tested. Please consider using SQLAlchemy.
[2025-06-14T15:34:35.153+0000] {taskinstance.py:441} INFO - ::group::Post task execution logs
[2025-06-14T15:34:35.153+0000] {taskinstance.py:2905} ERROR - Task failed with exception
Traceback (most recent call last):
  File "/home/airflow/.local/lib/python3.10/site-packages/pandas/core/indexes/base.py", line 3802, in get_loc
    return self._engine.get_loc(casted_key)
  File "pandas/_libs/index.pyx", line 138, in pandas._libs.index.IndexEngine.get_loc
  File "pandas/_libs/index.pyx", line 165, in pandas._libs.index.IndexEngine.get_loc
  File "pandas/_libs/hashtable_class_helper.pxi", line 5745, in pandas._libs.hashtable.PyObjectHashTable.get_item
  File "pandas/_libs/hashtable_class_helper.pxi", line 5753, in pandas._libs.hashtable.PyObjectHashTable.get_item
KeyError: 'city'

The above exception was the direct cause of the following exception:

Traceback (most recent call last):
  File "/home/airflow/.local/lib/python3.10/site-packages/airflow/models/taskinstance.py", line 465, in _execute_task
    result = _execute_callable(context=context, **execute_callable_kwargs)
  File "/home/airflow/.local/lib/python3.10/site-packages/airflow/models/taskinstance.py", line 432, in _execute_callable
    return execute_callable(context=context, **execute_callable_kwargs)
  File "/home/airflow/.local/lib/python3.10/site-packages/airflow/models/baseoperator.py", line 401, in wrapper
    return func(self, *args, **kwargs)
  File "/home/airflow/.local/lib/python3.10/site-packages/airflow/operators/python.py", line 235, in execute
    return_value = self.execute_callable()
  File "/home/airflow/.local/lib/python3.10/site-packages/airflow/operators/python.py", line 252, in execute_callable
    return self.python_callable(*self.op_args, **self.op_kwargs)
  File "/opt/airflow/dags/transform_dim_locations.py", line 16, in transform_dim_locations
    dim_df['city'] = dim_df['city'].fillna('').str.strip()
  File "/home/airflow/.local/lib/python3.10/site-packages/pandas/core/frame.py", line 3807, in __getitem__
    indexer = self.columns.get_loc(key)
  File "/home/airflow/.local/lib/python3.10/site-packages/pandas/core/indexes/base.py", line 3804, in get_loc
    raise KeyError(key) from err
KeyError: 'city'
[2025-06-14T15:34:35.177+0000] {taskinstance.py:1206} INFO - Marking task as FAILED. dag_id=globalsuperstore, task_id=transform.transform_dim_locations, run_id=manual__2025-06-14T15:33:51.573126+00:00, execution_date=20250614T153351, start_date=20250614T153434, end_date=20250614T153435
[2025-06-14T15:34:35.200+0000] {standard_task_runner.py:110} ERROR - Failed to execute job 53 for task transform.transform_dim_locations ('city'; 2162)
[2025-06-14T15:34:35.231+0000] {local_task_job_runner.py:240} INFO - Task exited with return code 1
[2025-06-14T15:34:35.254+0000] {taskinstance.py:3503} INFO - 0 downstream tasks scheduled from follow-on schedule check
[2025-06-14T15:34:35.258+0000] {local_task_job_runner.py:222} INFO - ::endgroup::
